1603993221368	geckodriver	INFO	Listening on 127.0.0.1:45695
1603993221423	mozrunner::runner	INFO	Running command: "/usr/bin/firefox" "--marionette" "-foreground" "-no-remote" "-profile" "/tmp/rust_mozprofilewcgkAH"
console.warn: SearchSettings: "get: No settings file exists, new profile?" (new Error("", "(unknown module)"))
1603993225032	Marionette	INFO	Listening on port 32787
1603993225089	Marionette	WARN	TLS certificate errors will be ignored for this session
console.error: Region.jsm: "Error fetching region" (new AbortError("The operation was aborted. ", (void 0), 697))
console.error: Region.jsm: "Failed to fetch region" (new Error("NO_RESULT", "resource://gre/modules/Region.jsm", 351))
JavaScript error: http://localhost:42315/login/, line 32: ReferenceError: $ is not defined
JavaScript error: http://localhost:42315/login/, line 130: ReferenceError: $ is not defined
1603993310857	Marionette	INFO	Stopped listening on port 32787
1604045887003	geckodriver	INFO	Listening on 127.0.0.1:59299
1604045888012	mozrunner::runner	INFO	Running command: "/usr/bin/firefox" "--marionette" "-foreground" "-no-remote" "-profile" "/tmp/rust_mozprofile7Zeo7q"
console.warn: SearchSettings: "get: No settings file exists, new profile?" (new Error("", "(unknown module)"))
1604045892001	Marionette	INFO	Listening on port 38803
1604045892119	Marionette	WARN	TLS certificate errors will be ignored for this session
1604045894056	Marionette	INFO	Stopped listening on port 38803
1604049570831	geckodriver	INFO	Listening on 127.0.0.1:42333
1604049571891	mozrunner::runner	INFO	Running command: "/usr/bin/firefox" "--marionette" "-foreground" "-no-remote" "-profile" "/tmp/rust_mozprofile6QV8UL"
console.warn: SearchSettings: "get: No settings file exists, new profile?" (new Error("", "(unknown module)"))
console.error: Region.jsm: "Error fetching region" (new TypeError("NetworkError when attempting to fetch resource.", ""))
console.error: Region.jsm: "Failed to fetch region" (new Error("NO_RESULT", "resource://gre/modules/Region.jsm", 351))
1604049576455	Marionette	INFO	Listening on port 44837
1604049576534	Marionette	WARN	TLS certificate errors will be ignored for this session
1604049578772	Marionette	INFO	Stopped listening on port 44837
1604050129432	geckodriver	INFO	Listening on 127.0.0.1:41415
1604050129438	mozrunner::runner	INFO	Running command: "/usr/bin/firefox" "--marionette" "-foreground" "-no-remote" "-profile" "/tmp/rust_mozprofileQ3YDq8"
console.warn: SearchSettings: "get: No settings file exists, new profile?" (new Error("", "(unknown module)"))
console.error: Region.jsm: "Error fetching region" (new TypeError("NetworkError when attempting to fetch resource.", ""))
console.error: Region.jsm: "Failed to fetch region" (new Error("NO_RESULT", "resource://gre/modules/Region.jsm", 351))
1604050132536	Marionette	INFO	Listening on port 46653
1604050132590	Marionette	WARN	TLS certificate errors will be ignored for this session
1604050154639	Marionette	INFO	Stopped listening on port 46653
1604051625596	geckodriver	INFO	Listening on 127.0.0.1:35839
1604051626604	mozrunner::runner	INFO	Running command: "/usr/bin/firefox" "--marionette" "-foreground" "-no-remote" "-profile" "/tmp/rust_mozprofileeseAvj"
console.warn: SearchSettings: "get: No settings file exists, new profile?" (new Error("", "(unknown module)"))
1604051629986	Marionette	INFO	Listening on port 39747
1604051630128	Marionette	WARN	TLS certificate errors will be ignored for this session
1604051642195	Marionette	INFO	Stopped listening on port 39747
1604051676722	geckodriver	INFO	Listening on 127.0.0.1:53469
1604051676727	mozrunner::runner	INFO	Running command: "/usr/bin/firefox" "--marionette" "-foreground" "-no-remote" "-profile" "/tmp/rust_mozprofileAIwxTW"
console.warn: SearchSettings: "get: No settings file exists, new profile?" (new Error("", "(unknown module)"))
1604051679882	Marionette	INFO	Listening on port 43901
1604051679979	Marionette	WARN	TLS certificate errors will be ignored for this session
1604051683194	Marionette	INFO	Stopped listening on port 43901
1604051725618	geckodriver	INFO	Listening on 127.0.0.1:60111
1604051725624	mozrunner::runner	INFO	Running command: "/usr/bin/firefox" "--marionette" "-foreground" "-no-remote" "-profile" "/tmp/rust_mozprofileC6v9iC"
console.warn: SearchSettings: "get: No settings file exists, new profile?" (new Error("", "(unknown module)"))
1604051729036	Marionette	INFO	Listening on port 37419
1604051729161	Marionette	WARN	TLS certificate errors will be ignored for this session
1604051732093	Marionette	INFO	Stopped listening on port 37419
1604051750434	geckodriver	INFO	Listening on 127.0.0.1:49485
1604051750439	mozrunner::runner	INFO	Running command: "/usr/bin/firefox" "--marionette" "-foreground" "-no-remote" "-profile" "/tmp/rust_mozprofilefvPByY"
console.warn: SearchSettings: "get: No settings file exists, new profile?" (new Error("", "(unknown module)"))
1604051753606	Marionette	INFO	Listening on port 38289
1604051753678	Marionette	WARN	TLS certificate errors will be ignored for this session
1604051756230	Marionette	INFO	Stopped listening on port 38289
1604051874914	geckodriver	INFO	Listening on 127.0.0.1:38477
1604051874920	mozrunner::runner	INFO	Running command: "/usr/bin/firefox" "--marionette" "-foreground" "-no-remote" "-profile" "/tmp/rust_mozprofile4ZEg5t"
console.warn: SearchSettings: "get: No settings file exists, new profile?" (new Error("", "(unknown module)"))
1604051878212	Marionette	INFO	Listening on port 35957
1604051878291	Marionette	WARN	TLS certificate errors will be ignored for this session
1604051883402	Marionette	INFO	Stopped listening on port 35957
1604052905054	geckodriver	INFO	Listening on 127.0.0.1:35929
1604052905061	mozrunner::runner	INFO	Running command: "/usr/bin/firefox" "--marionette" "-foreground" "-no-remote" "-profile" "/tmp/rust_mozprofileWPMIwJ"
console.warn: SearchSettings: "get: No settings file exists, new profile?" (new Error("", "(unknown module)"))
console.error: Region.jsm: "Error fetching region" (new TypeError("NetworkError when attempting to fetch resource.", ""))
console.error: Region.jsm: "Failed to fetch region" (new Error("NO_RESULT", "resource://gre/modules/Region.jsm", 351))
1604052908763	Marionette	INFO	Listening on port 37397
1604052908813	Marionette	WARN	TLS certificate errors will be ignored for this session
1604052911364	Marionette	INFO	Stopped listening on port 37397
1604053082438	geckodriver	INFO	Listening on 127.0.0.1:59611
1604053082443	mozrunner::runner	INFO	Running command: "/usr/bin/firefox" "--marionette" "-foreground" "-no-remote" "-profile" "/tmp/rust_mozprofilenFdaHa"
console.warn: SearchSettings: "get: No settings file exists, new profile?" (new Error("", "(unknown module)"))
console.error: Region.jsm: "Error fetching region" (new TypeError("NetworkError when attempting to fetch resource.", ""))
console.error: Region.jsm: "Failed to fetch region" (new Error("NO_RESULT", "resource://gre/modules/Region.jsm", 351))
1604053085611	Marionette	INFO	Listening on port 39205
1604053085687	Marionette	WARN	TLS certificate errors will be ignored for this session
1604053087417	Marionette	INFO	Stopped listening on port 39205
1604055305046	geckodriver	INFO	Listening on 127.0.0.1:48669
1604055306101	mozrunner::runner	INFO	Running command: "/usr/bin/firefox" "--marionette" "-foreground" "-no-remote" "-profile" "/tmp/rust_mozprofileqnSXlV"
console.warn: SearchSettings: "get: No settings file exists, new profile?" (new Error("", "(unknown module)"))
1604055309986	Marionette	INFO	Listening on port 45513
1604055310051	Marionette	WARN	TLS certificate errors will be ignored for this session
1604055312889	Marionette	INFO	Stopped listening on port 45513
1604055339336	geckodriver	INFO	Listening on 127.0.0.1:41799
1604055339340	mozrunner::runner	INFO	Running command: "/usr/bin/firefox" "--marionette" "-foreground" "-no-remote" "-profile" "/tmp/rust_mozprofile6hScGd"
console.warn: SearchSettings: "get: No settings file exists, new profile?" (new Error("", "(unknown module)"))
1604055342663	Marionette	INFO	Listening on port 38783
1604055342803	Marionette	WARN	TLS certificate errors will be ignored for this session
1604055345624	Marionette	INFO	Stopped listening on port 38783
1604055374108	geckodriver	INFO	Listening on 127.0.0.1:37917
1604055374113	mozrunner::runner	INFO	Running command: "/usr/bin/firefox" "--marionette" "-foreground" "-no-remote" "-profile" "/tmp/rust_mozprofilem1xYmr"
console.warn: SearchSettings: "get: No settings file exists, new profile?" (new Error("", "(unknown module)"))
1604055377293	Marionette	INFO	Listening on port 37251
1604055377358	Marionette	WARN	TLS certificate errors will be ignored for this session
1604055381096	Marionette	INFO	Stopped listening on port 37251
1604055474307	geckodriver	INFO	Listening on 127.0.0.1:50227
1604055474312	mozrunner::runner	INFO	Running command: "/usr/bin/firefox" "--marionette" "-foreground" "-no-remote" "-profile" "/tmp/rust_mozprofilevFecW3"
console.warn: SearchSettings: "get: No settings file exists, new profile?" (new Error("", "(unknown module)"))
1604055477597	Marionette	INFO	Listening on port 35143
1604055477663	Marionette	WARN	TLS certificate errors will be ignored for this session
1604055480631	Marionette	INFO	Stopped listening on port 35143
1604055510152	geckodriver	INFO	Listening on 127.0.0.1:60787
1604055510157	mozrunner::runner	INFO	Running command: "/usr/bin/firefox" "--marionette" "-foreground" "-no-remote" "-profile" "/tmp/rust_mozprofileH75LHD"
console.warn: SearchSettings: "get: No settings file exists, new profile?" (new Error("", "(unknown module)"))
1604055513305	Marionette	INFO	Listening on port 37525
1604055513411	Marionette	WARN	TLS certificate errors will be ignored for this session
1604055515266	Marionette	INFO	Stopped listening on port 37525
1604055559585	geckodriver	INFO	Listening on 127.0.0.1:46125
1604055559590	mozrunner::runner	INFO	Running command: "/usr/bin/firefox" "--marionette" "-foreground" "-no-remote" "-profile" "/tmp/rust_mozprofiles2D3lj"
console.warn: SearchSettings: "get: No settings file exists, new profile?" (new Error("", "(unknown module)"))
1604055562702	Marionette	INFO	Listening on port 35649
1604055562855	Marionette	WARN	TLS certificate errors will be ignored for this session
JavaScript error: chrome://marionette/content/proxy.js, line 283: NS_ERROR_NOT_INITIALIZED
1604055624865	Marionette	INFO	Stopped listening on port 35649
1604055637072	geckodriver	INFO	Listening on 127.0.0.1:36435
1604055637078	mozrunner::runner	INFO	Running command: "/usr/bin/firefox" "--marionette" "-foreground" "-no-remote" "-profile" "/tmp/rust_mozprofileIaeQU1"
console.warn: SearchSettings: "get: No settings file exists, new profile?" (new Error("", "(unknown module)"))
1604055640462	Marionette	INFO	Listening on port 42313
1604055640526	Marionette	WARN	TLS certificate errors will be ignored for this session
1604055652614	Marionette	INFO	Stopped listening on port 42313
1604055667235	geckodriver	INFO	Listening on 127.0.0.1:53211
1604055667240	mozrunner::runner	INFO	Running command: "/usr/bin/firefox" "--marionette" "-foreground" "-no-remote" "-profile" "/tmp/rust_mozprofileLc0ZSd"
console.warn: SearchSettings: "get: No settings file exists, new profile?" (new Error("", "(unknown module)"))
1604055670387	Marionette	INFO	Listening on port 34239
1604055670478	Marionette	WARN	TLS certificate errors will be ignored for this session
1604055673609	Marionette	INFO	Stopped listening on port 34239
1604055742659	geckodriver	INFO	Listening on 127.0.0.1:40615
1604055742665	mozrunner::runner	INFO	Running command: "/usr/bin/firefox" "--marionette" "-foreground" "-no-remote" "-profile" "/tmp/rust_mozprofile0lRtFt"
console.warn: SearchSettings: "get: No settings file exists, new profile?" (new Error("", "(unknown module)"))
1604055746083	Marionette	INFO	Listening on port 46677
1604055746221	Marionette	WARN	TLS certificate errors will be ignored for this session
1604055748370	geckodriver	INFO	Listening on 127.0.0.1:50287
1604055748375	mozrunner::runner	INFO	Running command: "/usr/bin/firefox" "--marionette" "-foreground" "-no-remote" "-profile" "/tmp/rust_mozprofileiykwaB"
console.warn: SearchSettings: "get: No settings file exists, new profile?" (new Error("", "(unknown module)"))
1604055751764	Marionette	INFO	Listening on port 39091
1604055751826	Marionette	WARN	TLS certificate errors will be ignored for this session
1604055753343	Marionette	INFO	Stopped listening on port 46677
1604055904013	Marionette	INFO	Stopped listening on port 39091
1604055908726	geckodriver	INFO	Listening on 127.0.0.1:57215
1604055908732	mozrunner::runner	INFO	Running command: "/usr/bin/firefox" "--marionette" "-foreground" "-no-remote" "-profile" "/tmp/rust_mozprofilehg4XdM"
console.warn: SearchSettings: "get: No settings file exists, new profile?" (new Error("", "(unknown module)"))
1604055912045	Marionette	INFO	Listening on port 39851
1604055912174	Marionette	WARN	TLS certificate errors will be ignored for this session
1604055914789	Marionette	INFO	Stopped listening on port 39851
1604055946521	geckodriver	INFO	Listening on 127.0.0.1:43151
1604055946527	mozrunner::runner	INFO	Running command: "/usr/bin/firefox" "--marionette" "-foreground" "-no-remote" "-profile" "/tmp/rust_mozprofileConyiw"
console.warn: SearchSettings: "get: No settings file exists, new profile?" (new Error("", "(unknown module)"))
1604055949869	Marionette	INFO	Listening on port 39143
1604055949971	Marionette	WARN	TLS certificate errors will be ignored for this session
1604055953262	Marionette	INFO	Stopped listening on port 39143
1604056405558	geckodriver	INFO	Listening on 127.0.0.1:41705
1604056405562	mozrunner::runner	INFO	Running command: "/usr/bin/firefox" "--marionette" "-foreground" "-no-remote" "-profile" "/tmp/rust_mozprofileNr85vE"
console.warn: SearchSettings: "get: No settings file exists, new profile?" (new Error("", "(unknown module)"))
1604056408808	Marionette	INFO	Listening on port 38259
1604056408924	Marionette	WARN	TLS certificate errors will be ignored for this session
1604056411793	Marionette	INFO	Stopped listening on port 38259
1604056469595	geckodriver	INFO	Listening on 127.0.0.1:53277
1604056469600	mozrunner::runner	INFO	Running command: "/usr/bin/firefox" "--marionette" "-foreground" "-no-remote" "-profile" "/tmp/rust_mozprofilebR0vKr"
console.warn: SearchSettings: "get: No settings file exists, new profile?" (new Error("", "(unknown module)"))
1604056472876	Marionette	INFO	Listening on port 35055
1604056472958	Marionette	WARN	TLS certificate errors will be ignored for this session
1604056477422	Marionette	INFO	Stopped listening on port 35055
1604056533619	geckodriver	INFO	Listening on 127.0.0.1:38517
1604056533624	mozrunner::runner	INFO	Running command: "/usr/bin/firefox" "--marionette" "-foreground" "-no-remote" "-profile" "/tmp/rust_mozprofileLWZaxp"
console.warn: SearchSettings: "get: No settings file exists, new profile?" (new Error("", "(unknown module)"))
1604056536924	Marionette	INFO	Listening on port 33905
1604056536971	Marionette	WARN	TLS certificate errors will be ignored for this session
1604056540405	Marionette	INFO	Stopped listening on port 33905
1604073114246	geckodriver	INFO	Listening on 127.0.0.1:44897
1604073115253	mozrunner::runner	INFO	Running command: "/usr/bin/firefox" "--marionette" "-foreground" "-no-remote" "-profile" "/tmp/rust_mozprofileLZo1hE"
console.warn: SearchSettings: "get: No settings file exists, new profile?" (new Error("", "(unknown module)"))
1604073119195	Marionette	INFO	Listening on port 37747
1604073119295	Marionette	WARN	TLS certificate errors will be ignored for this session
1604073285987	geckodriver	INFO	Listening on 127.0.0.1:37861
1604073285992	mozrunner::runner	INFO	Running command: "/usr/bin/firefox" "--marionette" "-foreground" "-no-remote" "-profile" "/tmp/rust_mozprofileGMrZy5"
console.warn: SearchSettings: "get: No settings file exists, new profile?" (new Error("", "(unknown module)"))
1604073289393	Marionette	INFO	Listening on port 46705
1604073289464	Marionette	WARN	TLS certificate errors will be ignored for this session
JavaScript warning: http://localhost:59801/static/django_tinymce/jquery-1.9.1.min.js, line 2: Using //@ to indicate sourceMappingURL pragmas is deprecated. Use //# instead
JavaScript error: resource://gre/modules/XULStore.jsm, line 66: Error: Can't find profile directory.
JavaScript error: resource://gre/modules/XULStore.jsm, line 66: Error: Can't find profile directory.
JavaScript warning: http://localhost:59801/static/django_tinymce/jquery-1.9.1.min.js, line 2: Using //@ to indicate sourceMappingURL pragmas is deprecated. Use //# instead
1604073292887	Marionette	INFO	Stopped listening on port 46705
1604073417239	geckodriver	INFO	Listening on 127.0.0.1:55517
1604073417247	mozrunner::runner	INFO	Running command: "/usr/bin/firefox" "--marionette" "-foreground" "-no-remote" "-profile" "/tmp/rust_mozprofilezsZ9vf"
console.warn: SearchSettings: "get: No settings file exists, new profile?" (new Error("", "(unknown module)"))
1604073420432	Marionette	INFO	Listening on port 41307
1604073420515	Marionette	WARN	TLS certificate errors will be ignored for this session
JavaScript warning: http://localhost:50007/static/django_tinymce/jquery-1.9.1.min.js, line 2: Using //@ to indicate sourceMappingURL pragmas is deprecated. Use //# instead
JavaScript error: resource://gre/modules/XULStore.jsm, line 66: Error: Can't find profile directory.
JavaScript error: resource://gre/modules/XULStore.jsm, line 66: Error: Can't find profile directory.
JavaScript warning: http://localhost:50007/static/django_tinymce/jquery-1.9.1.min.js, line 2: Using //@ to indicate sourceMappingURL pragmas is deprecated. Use //# instead
1604073438377	Marionette	INFO	Stopped listening on port 41307
1604073456176	geckodriver	INFO	Listening on 127.0.0.1:53411
1604073456180	mozrunner::runner	INFO	Running command: "/usr/bin/firefox" "--marionette" "-foreground" "-no-remote" "-profile" "/tmp/rust_mozprofileUcoyEq"
console.warn: SearchSettings: "get: No settings file exists, new profile?" (new Error("", "(unknown module)"))
1604073459442	Marionette	INFO	Listening on port 35565
1604073459527	Marionette	WARN	TLS certificate errors will be ignored for this session
JavaScript warning: http://localhost:36257/static/django_tinymce/jquery-1.9.1.min.js, line 2: Using //@ to indicate sourceMappingURL pragmas is deprecated. Use //# instead
JavaScript error: resource://gre/modules/XULStore.jsm, line 66: Error: Can't find profile directory.
JavaScript error: resource://gre/modules/XULStore.jsm, line 66: Error: Can't find profile directory.
JavaScript warning: http://localhost:36257/static/django_tinymce/jquery-1.9.1.min.js, line 2: Using //@ to indicate sourceMappingURL pragmas is deprecated. Use //# instead
1604073477753	Marionette	INFO	Stopped listening on port 35565
1604073482092	geckodriver	INFO	Listening on 127.0.0.1:40263
1604073482097	mozrunner::runner	INFO	Running command: "/usr/bin/firefox" "--marionette" "-foreground" "-no-remote" "-profile" "/tmp/rust_mozprofiledBuCUN"
console.warn: SearchSettings: "get: No settings file exists, new profile?" (new Error("", "(unknown module)"))
1604073485389	Marionette	INFO	Listening on port 41659
1604073485438	Marionette	WARN	TLS certificate errors will be ignored for this session
JavaScript warning: http://localhost:39495/static/django_tinymce/jquery-1.9.1.min.js, line 2: Using //@ to indicate sourceMappingURL pragmas is deprecated. Use //# instead
JavaScript error: resource://gre/modules/XULStore.jsm, line 66: Error: Can't find profile directory.
JavaScript error: resource://gre/modules/XULStore.jsm, line 66: Error: Can't find profile directory.
JavaScript warning: http://localhost:39495/static/django_tinymce/jquery-1.9.1.min.js, line 2: Using //@ to indicate sourceMappingURL pragmas is deprecated. Use //# instead
1604073495836	Marionette	INFO	Stopped listening on port 41659
1604073522757	geckodriver	INFO	Listening on 127.0.0.1:52313
1604073522763	mozrunner::runner	INFO	Running command: "/usr/bin/firefox" "--marionette" "-foreground" "-no-remote" "-profile" "/tmp/rust_mozprofile1LpQNm"
console.warn: SearchSettings: "get: No settings file exists, new profile?" (new Error("", "(unknown module)"))
1604073526105	Marionette	INFO	Listening on port 45181
1604073526211	Marionette	WARN	TLS certificate errors will be ignored for this session
JavaScript warning: http://localhost:39961/static/django_tinymce/jquery-1.9.1.min.js, line 2: Using //@ to indicate sourceMappingURL pragmas is deprecated. Use //# instead
JavaScript error: resource://gre/modules/XULStore.jsm, line 66: Error: Can't find profile directory.
JavaScript error: resource://gre/modules/XULStore.jsm, line 66: Error: Can't find profile directory.
JavaScript warning: http://localhost:39961/static/django_tinymce/jquery-1.9.1.min.js, line 2: Using //@ to indicate sourceMappingURL pragmas is deprecated. Use //# instead
1604073544679	Marionette	INFO	Stopped listening on port 45181
1604073559648	geckodriver	INFO	Listening on 127.0.0.1:50873
1604073559653	mozrunner::runner	INFO	Running command: "/usr/bin/firefox" "--marionette" "-foreground" "-no-remote" "-profile" "/tmp/rust_mozprofiledRl0qT"
console.warn: SearchSettings: "get: No settings file exists, new profile?" (new Error("", "(unknown module)"))
1604073562959	Marionette	INFO	Listening on port 41109
1604073563003	Marionette	WARN	TLS certificate errors will be ignored for this session
JavaScript warning: http://localhost:60017/static/django_tinymce/jquery-1.9.1.min.js, line 2: Using //@ to indicate sourceMappingURL pragmas is deprecated. Use //# instead
JavaScript error: resource://gre/modules/XULStore.jsm, line 66: Error: Can't find profile directory.
JavaScript error: resource://gre/modules/XULStore.jsm, line 66: Error: Can't find profile directory.
JavaScript warning: http://localhost:60017/static/django_tinymce/jquery-1.9.1.min.js, line 2: Using //@ to indicate sourceMappingURL pragmas is deprecated. Use //# instead
1604073581105	Marionette	INFO	Stopped listening on port 41109
1604073592781	geckodriver	INFO	Listening on 127.0.0.1:52817
1604073592788	mozrunner::runner	INFO	Running command: "/usr/bin/firefox" "--marionette" "-foreground" "-no-remote" "-profile" "/tmp/rust_mozprofilefMpEW7"
console.warn: SearchSettings: "get: No settings file exists, new profile?" (new Error("", "(unknown module)"))
1604073596201	Marionette	INFO	Listening on port 40317
1604073596340	Marionette	WARN	TLS certificate errors will be ignored for this session
JavaScript warning: http://localhost:58591/static/django_tinymce/jquery-1.9.1.min.js, line 2: Using //@ to indicate sourceMappingURL pragmas is deprecated. Use //# instead
JavaScript error: resource://gre/modules/XULStore.jsm, line 66: Error: Can't find profile directory.
JavaScript error: resource://gre/modules/XULStore.jsm, line 66: Error: Can't find profile directory.
JavaScript warning: http://localhost:58591/static/django_tinymce/jquery-1.9.1.min.js, line 2: Using //@ to indicate sourceMappingURL pragmas is deprecated. Use //# instead
1604073614432	Marionette	INFO	Stopped listening on port 40317
1604073723277	geckodriver	INFO	Listening on 127.0.0.1:39703
1604073723282	mozrunner::runner	INFO	Running command: "/usr/bin/firefox" "--marionette" "-foreground" "-no-remote" "-profile" "/tmp/rust_mozprofiless2eN9"
console.warn: SearchSettings: "get: No settings file exists, new profile?" (new Error("", "(unknown module)"))
1604073726544	Marionette	INFO	Listening on port 41599
1604073726646	Marionette	WARN	TLS certificate errors will be ignored for this session
JavaScript warning: http://localhost:60667/static/django_tinymce/jquery-1.9.1.min.js, line 2: Using //@ to indicate sourceMappingURL pragmas is deprecated. Use //# instead
JavaScript error: resource://gre/modules/XULStore.jsm, line 66: Error: Can't find profile directory.
JavaScript error: resource://gre/modules/XULStore.jsm, line 66: Error: Can't find profile directory.
JavaScript warning: http://localhost:60667/static/django_tinymce/jquery-1.9.1.min.js, line 2: Using //@ to indicate sourceMappingURL pragmas is deprecated. Use //# instead
1604073739593	Marionette	INFO	Stopped listening on port 41599
1604073817788	geckodriver	INFO	Listening on 127.0.0.1:39407
1604073817792	mozrunner::runner	INFO	Running command: "/usr/bin/firefox" "--marionette" "-foreground" "-no-remote" "-profile" "/tmp/rust_mozprofileNNaF7r"
console.warn: SearchSettings: "get: No settings file exists, new profile?" (new Error("", "(unknown module)"))
1604073821208	Marionette	INFO	Listening on port 38469
1604073821351	Marionette	WARN	TLS certificate errors will be ignored for this session
JavaScript warning: http://localhost:34439/static/django_tinymce/jquery-1.9.1.min.js, line 2: Using //@ to indicate sourceMappingURL pragmas is deprecated. Use //# instead
JavaScript error: resource://gre/modules/XULStore.jsm, line 66: Error: Can't find profile directory.
JavaScript error: resource://gre/modules/XULStore.jsm, line 66: Error: Can't find profile directory.
JavaScript warning: http://localhost:34439/static/django_tinymce/jquery-1.9.1.min.js, line 2: Using //@ to indicate sourceMappingURL pragmas is deprecated. Use //# instead
1604073839347	Marionette	INFO	Stopped listening on port 38469
1604073913050	geckodriver	INFO	Listening on 127.0.0.1:45051
1604073913055	mozrunner::runner	INFO	Running command: "/usr/bin/firefox" "--marionette" "-foreground" "-no-remote" "-profile" "/tmp/rust_mozprofileNbgIng"
console.warn: SearchSettings: "get: No settings file exists, new profile?" (new Error("", "(unknown module)"))
1604073916268	Marionette	INFO	Listening on port 43275
1604073916308	Marionette	WARN	TLS certificate errors will be ignored for this session
JavaScript warning: http://localhost:43171/static/django_tinymce/jquery-1.9.1.min.js, line 2: Using //@ to indicate sourceMappingURL pragmas is deprecated. Use //# instead
JavaScript error: resource://gre/modules/XULStore.jsm, line 66: Error: Can't find profile directory.
JavaScript error: resource://gre/modules/XULStore.jsm, line 66: Error: Can't find profile directory.
JavaScript warning: http://localhost:43171/static/django_tinymce/jquery-1.9.1.min.js, line 2: Using //@ to indicate sourceMappingURL pragmas is deprecated. Use //# instead
1604073934525	Marionette	INFO	Stopped listening on port 43275
1604073975562	geckodriver	INFO	Listening on 127.0.0.1:47635
1604073975568	mozrunner::runner	INFO	Running command: "/usr/bin/firefox" "--marionette" "-foreground" "-no-remote" "-profile" "/tmp/rust_mozprofileGg0Ntv"
console.warn: SearchSettings: "get: No settings file exists, new profile?" (new Error("", "(unknown module)"))
1604073978830	Marionette	INFO	Listening on port 44525
1604073978916	Marionette	WARN	TLS certificate errors will be ignored for this session
JavaScript warning: http://localhost:42559/static/django_tinymce/jquery-1.9.1.min.js, line 2: Using //@ to indicate sourceMappingURL pragmas is deprecated. Use //# instead
JavaScript error: resource://gre/modules/XULStore.jsm, line 66: Error: Can't find profile directory.
JavaScript error: resource://gre/modules/XULStore.jsm, line 66: Error: Can't find profile directory.
JavaScript warning: http://localhost:42559/static/django_tinymce/jquery-1.9.1.min.js, line 2: Using //@ to indicate sourceMappingURL pragmas is deprecated. Use //# instead
1604073996760	Marionette	INFO	Stopped listening on port 44525
1604074430649	geckodriver	INFO	Listening on 127.0.0.1:58425
1604074430654	mozrunner::runner	INFO	Running command: "/usr/bin/firefox" "--marionette" "-foreground" "-no-remote" "-profile" "/tmp/rust_mozprofilewTj13c"
console.warn: SearchSettings: "get: No settings file exists, new profile?" (new Error("", "(unknown module)"))
1604074434240	Marionette	INFO	Listening on port 35857
1604074434306	Marionette	WARN	TLS certificate errors will be ignored for this session
JavaScript warning: http://localhost:56677/static/django_tinymce/jquery-1.9.1.min.js, line 2: Using //@ to indicate sourceMappingURL pragmas is deprecated. Use //# instead
JavaScript error: resource://gre/modules/XULStore.jsm, line 66: Error: Can't find profile directory.
JavaScript error: resource://gre/modules/XULStore.jsm, line 66: Error: Can't find profile directory.
JavaScript warning: http://localhost:56677/static/django_tinymce/jquery-1.9.1.min.js, line 2: Using //@ to indicate sourceMappingURL pragmas is deprecated. Use //# instead
1604074456646	Marionette	INFO	Stopped listening on port 35857
1604074922302	geckodriver	INFO	Listening on 127.0.0.1:34667
1604074922307	mozrunner::runner	INFO	Running command: "/usr/bin/firefox" "--marionette" "-foreground" "-no-remote" "-profile" "/tmp/rust_mozprofilefL3vgf"
console.warn: SearchSettings: "get: No settings file exists, new profile?" (new Error("", "(unknown module)"))
1604074925409	Marionette	INFO	Listening on port 44361
1604074925461	Marionette	WARN	TLS certificate errors will be ignored for this session
JavaScript warning: http://localhost:50115/static/django_tinymce/jquery-1.9.1.min.js, line 2: Using //@ to indicate sourceMappingURL pragmas is deprecated. Use //# instead
JavaScript error: resource://gre/modules/XULStore.jsm, line 66: Error: Can't find profile directory.
JavaScript error: resource://gre/modules/XULStore.jsm, line 66: Error: Can't find profile directory.
JavaScript warning: http://localhost:50115/static/django_tinymce/jquery-1.9.1.min.js, line 2: Using //@ to indicate sourceMappingURL pragmas is deprecated. Use //# instead
1604074939256	Marionette	INFO	Stopped listening on port 44361
1604074987951	geckodriver	INFO	Listening on 127.0.0.1:37181
1604074987956	mozrunner::runner	INFO	Running command: "/usr/bin/firefox" "--marionette" "-foreground" "-no-remote" "-profile" "/tmp/rust_mozprofilea6vxou"
console.warn: SearchSettings: "get: No settings file exists, new profile?" (new Error("", "(unknown module)"))
1604074991349	Marionette	INFO	Listening on port 34153
1604074991415	Marionette	WARN	TLS certificate errors will be ignored for this session
JavaScript warning: http://localhost:48877/static/django_tinymce/jquery-1.9.1.min.js, line 2: Using //@ to indicate sourceMappingURL pragmas is deprecated. Use //# instead
JavaScript error: resource://gre/modules/XULStore.jsm, line 66: Error: Can't find profile directory.
JavaScript error: resource://gre/modules/XULStore.jsm, line 66: Error: Can't find profile directory.
JavaScript warning: http://localhost:48877/static/django_tinymce/jquery-1.9.1.min.js, line 2: Using //@ to indicate sourceMappingURL pragmas is deprecated. Use //# instead
1604075004171	Marionette	INFO	Stopped listening on port 34153
1604075069829	geckodriver	INFO	Listening on 127.0.0.1:35147
1604075069834	mozrunner::runner	INFO	Running command: "/usr/bin/firefox" "--marionette" "-foreground" "-no-remote" "-profile" "/tmp/rust_mozprofile4nKbji"
console.warn: SearchSettings: "get: No settings file exists, new profile?" (new Error("", "(unknown module)"))
1604075072973	Marionette	INFO	Listening on port 45467
1604075073076	Marionette	WARN	TLS certificate errors will be ignored for this session
JavaScript warning: http://localhost:59625/static/django_tinymce/jquery-1.9.1.min.js, line 2: Using //@ to indicate sourceMappingURL pragmas is deprecated. Use //# instead
JavaScript error: resource://gre/modules/XULStore.jsm, line 66: Error: Can't find profile directory.
JavaScript error: resource://gre/modules/XULStore.jsm, line 66: Error: Can't find profile directory.
JavaScript warning: http://localhost:59625/static/django_tinymce/jquery-1.9.1.min.js, line 2: Using //@ to indicate sourceMappingURL pragmas is deprecated. Use //# instead
1604075077472	Marionette	INFO	Stopped listening on port 45467
1604075299181	geckodriver	INFO	Listening on 127.0.0.1:55995
1604075299185	mozrunner::runner	INFO	Running command: "/usr/bin/firefox" "--marionette" "-foreground" "-no-remote" "-profile" "/tmp/rust_mozprofileuIQk0O"
console.warn: SearchSettings: "get: No settings file exists, new profile?" (new Error("", "(unknown module)"))
1604075302481	Marionette	INFO	Listening on port 33633
1604075302531	Marionette	WARN	TLS certificate errors will be ignored for this session
JavaScript warning: http://localhost:40537/static/django_tinymce/jquery-1.9.1.min.js, line 2: Using //@ to indicate sourceMappingURL pragmas is deprecated. Use //# instead
JavaScript error: resource://gre/modules/XULStore.jsm, line 66: Error: Can't find profile directory.
JavaScript error: resource://gre/modules/XULStore.jsm, line 66: Error: Can't find profile directory.
JavaScript warning: http://localhost:40537/static/django_tinymce/jquery-1.9.1.min.js, line 2: Using //@ to indicate sourceMappingURL pragmas is deprecated. Use //# instead
1604075305914	Marionette	INFO	Stopped listening on port 33633
1604075324709	geckodriver	INFO	Listening on 127.0.0.1:39795
1604075324713	mozrunner::runner	INFO	Running command: "/usr/bin/firefox" "--marionette" "-foreground" "-no-remote" "-profile" "/tmp/rust_mozprofileGdx0WF"
console.warn: SearchSettings: "get: No settings file exists, new profile?" (new Error("", "(unknown module)"))
1604075328049	Marionette	INFO	Listening on port 36329
1604075328162	Marionette	WARN	TLS certificate errors will be ignored for this session
JavaScript warning: http://localhost:54153/static/django_tinymce/jquery-1.9.1.min.js, line 2: Using //@ to indicate sourceMappingURL pragmas is deprecated. Use //# instead
JavaScript error: resource://gre/modules/XULStore.jsm, line 66: Error: Can't find profile directory.
JavaScript error: resource://gre/modules/XULStore.jsm, line 66: Error: Can't find profile directory.
JavaScript warning: http://localhost:54153/static/django_tinymce/jquery-1.9.1.min.js, line 2: Using //@ to indicate sourceMappingURL pragmas is deprecated. Use //# instead
1604075331992	Marionette	INFO	Stopped listening on port 36329
1604075344389	geckodriver	INFO	Listening on 127.0.0.1:52933
1604075344393	mozrunner::runner	INFO	Running command: "/usr/bin/firefox" "--marionette" "-foreground" "-no-remote" "-profile" "/tmp/rust_mozprofileA0b669"
console.warn: SearchSettings: "get: No settings file exists, new profile?" (new Error("", "(unknown module)"))
1604075347802	Marionette	INFO	Listening on port 35547
1604075347847	Marionette	WARN	TLS certificate errors will be ignored for this session
JavaScript warning: http://localhost:38885/static/django_tinymce/jquery-1.9.1.min.js, line 2: Using //@ to indicate sourceMappingURL pragmas is deprecated. Use //# instead
JavaScript error: resource://gre/modules/XULStore.jsm, line 66: Error: Can't find profile directory.
JavaScript error: resource://gre/modules/XULStore.jsm, line 66: Error: Can't find profile directory.
JavaScript warning: http://localhost:38885/static/django_tinymce/jquery-1.9.1.min.js, line 2: Using //@ to indicate sourceMappingURL pragmas is deprecated. Use //# instead
1604075352861	Marionette	INFO	Stopped listening on port 35547
1604075375963	geckodriver	INFO	Listening on 127.0.0.1:46815
1604075375969	mozrunner::runner	INFO	Running command: "/usr/bin/firefox" "--marionette" "-foreground" "-no-remote" "-profile" "/tmp/rust_mozprofileASxJcl"
console.warn: SearchSettings: "get: No settings file exists, new profile?" (new Error("", "(unknown module)"))
1604075379338	Marionette	INFO	Listening on port 46821
1604075379413	Marionette	WARN	TLS certificate errors will be ignored for this session
JavaScript warning: http://localhost:50571/static/django_tinymce/jquery-1.9.1.min.js, line 2: Using //@ to indicate sourceMappingURL pragmas is deprecated. Use //# instead
JavaScript error: resource://gre/modules/XULStore.jsm, line 66: Error: Can't find profile directory.
JavaScript error: resource://gre/modules/XULStore.jsm, line 66: Error: Can't find profile directory.
JavaScript warning: http://localhost:50571/static/django_tinymce/jquery-1.9.1.min.js, line 2: Using //@ to indicate sourceMappingURL pragmas is deprecated. Use //# instead
1604075383900	Marionette	INFO	Stopped listening on port 46821
1604075426874	geckodriver	INFO	Listening on 127.0.0.1:39851
1604075426879	mozrunner::runner	INFO	Running command: "/usr/bin/firefox" "--marionette" "-foreground" "-no-remote" "-profile" "/tmp/rust_mozprofile8a97v3"
console.warn: SearchSettings: "get: No settings file exists, new profile?" (new Error("", "(unknown module)"))
1604075430209	Marionette	INFO	Listening on port 46053
1604075430340	Marionette	WARN	TLS certificate errors will be ignored for this session
JavaScript warning: http://localhost:56087/static/django_tinymce/jquery-1.9.1.min.js, line 2: Using //@ to indicate sourceMappingURL pragmas is deprecated. Use //# instead
JavaScript error: resource://gre/modules/XULStore.jsm, line 66: Error: Can't find profile directory.
JavaScript error: resource://gre/modules/XULStore.jsm, line 66: Error: Can't find profile directory.
JavaScript warning: http://localhost:56087/static/django_tinymce/jquery-1.9.1.min.js, line 2: Using //@ to indicate sourceMappingURL pragmas is deprecated. Use //# instead
1604075435231	Marionette	INFO	Stopped listening on port 46053
1604075465643	geckodriver	INFO	Listening on 127.0.0.1:45499
1604075465647	mozrunner::runner	INFO	Running command: "/usr/bin/firefox" "--marionette" "-foreground" "-no-remote" "-profile" "/tmp/rust_mozprofileZgCqUk"
console.warn: SearchSettings: "get: No settings file exists, new profile?" (new Error("", "(unknown module)"))
1604075468891	Marionette	INFO	Listening on port 39459
1604075468995	Marionette	WARN	TLS certificate errors will be ignored for this session
JavaScript warning: http://localhost:53791/static/django_tinymce/jquery-1.9.1.min.js, line 2: Using //@ to indicate sourceMappingURL pragmas is deprecated. Use //# instead
JavaScript error: resource://gre/modules/XULStore.jsm, line 66: Error: Can't find profile directory.
JavaScript error: resource://gre/modules/XULStore.jsm, line 66: Error: Can't find profile directory.
JavaScript warning: http://localhost:53791/static/django_tinymce/jquery-1.9.1.min.js, line 2: Using //@ to indicate sourceMappingURL pragmas is deprecated. Use //# instead
1604075487872	Marionette	INFO	Stopped listening on port 39459
1604075579498	geckodriver	INFO	Listening on 127.0.0.1:41651
1604075579503	mozrunner::runner	INFO	Running command: "/usr/bin/firefox" "--marionette" "-foreground" "-no-remote" "-profile" "/tmp/rust_mozprofileQuY1QC"
console.warn: SearchSettings: "get: No settings file exists, new profile?" (new Error("", "(unknown module)"))
1604075582678	Marionette	INFO	Listening on port 45733
1604075582759	Marionette	WARN	TLS certificate errors will be ignored for this session
JavaScript warning: http://localhost:37401/static/django_tinymce/jquery-1.9.1.min.js, line 2: Using //@ to indicate sourceMappingURL pragmas is deprecated. Use //# instead
JavaScript error: resource://gre/modules/XULStore.jsm, line 66: Error: Can't find profile directory.
JavaScript error: resource://gre/modules/XULStore.jsm, line 66: Error: Can't find profile directory.
JavaScript warning: http://localhost:37401/static/django_tinymce/jquery-1.9.1.min.js, line 2: Using //@ to indicate sourceMappingURL pragmas is deprecated. Use //# instead
1604075602985	Marionette	INFO	Stopped listening on port 45733
1604075611326	geckodriver	INFO	Listening on 127.0.0.1:44341
1604075611332	mozrunner::runner	INFO	Running command: "/usr/bin/firefox" "--marionette" "-foreground" "-no-remote" "-profile" "/tmp/rust_mozprofileJX39mw"
console.warn: SearchSettings: "get: No settings file exists, new profile?" (new Error("", "(unknown module)"))
1604075614637	Marionette	INFO	Listening on port 34917
1604075614686	Marionette	WARN	TLS certificate errors will be ignored for this session
JavaScript warning: http://localhost:32925/static/django_tinymce/jquery-1.9.1.min.js, line 2: Using //@ to indicate sourceMappingURL pragmas is deprecated. Use //# instead
JavaScript error: resource://gre/modules/XULStore.jsm, line 66: Error: Can't find profile directory.
JavaScript error: resource://gre/modules/XULStore.jsm, line 66: Error: Can't find profile directory.
JavaScript warning: http://localhost:32925/static/django_tinymce/jquery-1.9.1.min.js, line 2: Using //@ to indicate sourceMappingURL pragmas is deprecated. Use //# instead
1604075635136	Marionette	INFO	Stopped listening on port 34917
1604075639320	geckodriver	INFO	Listening on 127.0.0.1:49805
1604075639324	mozrunner::runner	INFO	Running command: "/usr/bin/firefox" "--marionette" "-foreground" "-no-remote" "-profile" "/tmp/rust_mozprofileIGDyAG"
console.warn: SearchSettings: "get: No settings file exists, new profile?" (new Error("", "(unknown module)"))
1604075642621	Marionette	INFO	Listening on port 39037
1604075642671	Marionette	WARN	TLS certificate errors will be ignored for this session
JavaScript warning: http://localhost:46761/static/django_tinymce/jquery-1.9.1.min.js, line 2: Using //@ to indicate sourceMappingURL pragmas is deprecated. Use //# instead
JavaScript error: resource://gre/modules/XULStore.jsm, line 66: Error: Can't find profile directory.
JavaScript error: resource://gre/modules/XULStore.jsm, line 66: Error: Can't find profile directory.
JavaScript warning: http://localhost:46761/static/django_tinymce/jquery-1.9.1.min.js, line 2: Using //@ to indicate sourceMappingURL pragmas is deprecated. Use //# instead
1604075661524	Marionette	INFO	Stopped listening on port 39037
1604075697497	geckodriver	INFO	Listening on 127.0.0.1:42451
1604075697502	mozrunner::runner	INFO	Running command: "/usr/bin/firefox" "--marionette" "-foreground" "-no-remote" "-profile" "/tmp/rust_mozprofilejQtEQB"
console.warn: SearchSettings: "get: No settings file exists, new profile?" (new Error("", "(unknown module)"))
1604075700724	Marionette	INFO	Listening on port 37229
1604075700841	Marionette	WARN	TLS certificate errors will be ignored for this session
JavaScript warning: http://localhost:50835/static/django_tinymce/jquery-1.9.1.min.js, line 2: Using //@ to indicate sourceMappingURL pragmas is deprecated. Use //# instead
JavaScript error: resource://gre/modules/XULStore.jsm, line 66: Error: Can't find profile directory.
JavaScript error: resource://gre/modules/XULStore.jsm, line 66: Error: Can't find profile directory.
JavaScript warning: http://localhost:50835/static/django_tinymce/jquery-1.9.1.min.js, line 2: Using //@ to indicate sourceMappingURL pragmas is deprecated. Use //# instead
1604075721971	Marionette	INFO	Stopped listening on port 37229
1604075733267	geckodriver	INFO	Listening on 127.0.0.1:38265
1604075733273	mozrunner::runner	INFO	Running command: "/usr/bin/firefox" "--marionette" "-foreground" "-no-remote" "-profile" "/tmp/rust_mozprofileIic0aY"
console.warn: SearchSettings: "get: No settings file exists, new profile?" (new Error("", "(unknown module)"))
1604075736517	Marionette	INFO	Listening on port 42823
1604075736617	Marionette	WARN	TLS certificate errors will be ignored for this session
JavaScript warning: http://localhost:50897/static/django_tinymce/jquery-1.9.1.min.js, line 2: Using //@ to indicate sourceMappingURL pragmas is deprecated. Use //# instead
JavaScript error: resource://gre/modules/XULStore.jsm, line 66: Error: Can't find profile directory.
JavaScript error: resource://gre/modules/XULStore.jsm, line 66: Error: Can't find profile directory.
JavaScript warning: http://localhost:50897/static/django_tinymce/jquery-1.9.1.min.js, line 2: Using //@ to indicate sourceMappingURL pragmas is deprecated. Use //# instead
1604075739934	Marionette	INFO	Stopped listening on port 42823
1604075788152	geckodriver	INFO	Listening on 127.0.0.1:54025
1604075788158	mozrunner::runner	INFO	Running command: "/usr/bin/firefox" "--marionette" "-foreground" "-no-remote" "-profile" "/tmp/rust_mozprofileEnKxIn"
console.warn: SearchSettings: "get: No settings file exists, new profile?" (new Error("", "(unknown module)"))
1604075791814	Marionette	INFO	Listening on port 40643
1604075791902	Marionette	WARN	TLS certificate errors will be ignored for this session
JavaScript warning: http://localhost:51923/static/django_tinymce/jquery-1.9.1.min.js, line 2: Using //@ to indicate sourceMappingURL pragmas is deprecated. Use //# instead
JavaScript error: resource://gre/modules/XULStore.jsm, line 66: Error: Can't find profile directory.
JavaScript error: resource://gre/modules/XULStore.jsm, line 66: Error: Can't find profile directory.
JavaScript warning: http://localhost:51923/static/django_tinymce/jquery-1.9.1.min.js, line 2: Using //@ to indicate sourceMappingURL pragmas is deprecated. Use //# instead
1604075813398	Marionette	INFO	Stopped listening on port 40643
1604076029931	geckodriver	INFO	Listening on 127.0.0.1:51019
1604076029936	mozrunner::runner	INFO	Running command: "/usr/bin/firefox" "--marionette" "-foreground" "-no-remote" "-profile" "/tmp/rust_mozprofilezMWnfB"
console.warn: SearchSettings: "get: No settings file exists, new profile?" (new Error("", "(unknown module)"))
1604076033082	Marionette	INFO	Listening on port 42305
1604076033215	Marionette	WARN	TLS certificate errors will be ignored for this session
JavaScript warning: http://localhost:54621/static/django_tinymce/jquery-1.9.1.min.js, line 2: Using //@ to indicate sourceMappingURL pragmas is deprecated. Use //# instead
JavaScript error: resource://gre/modules/XULStore.jsm, line 66: Error: Can't find profile directory.
JavaScript error: resource://gre/modules/XULStore.jsm, line 66: Error: Can't find profile directory.
JavaScript warning: http://localhost:54621/static/django_tinymce/jquery-1.9.1.min.js, line 2: Using //@ to indicate sourceMappingURL pragmas is deprecated. Use //# instead
1604076054530	Marionette	INFO	Stopped listening on port 42305
1604310854543	geckodriver	INFO	Listening on 127.0.0.1:49387
1604310855581	mozrunner::runner	INFO	Running command: "/usr/bin/firefox" "--marionette" "-foreground" "-no-remote" "-profile" "/tmp/rust_mozprofilezzFsQZ"
console.warn: SearchSettings: "get: No settings file exists, new profile?" (new Error("", "(unknown module)"))
1604310858910	Marionette	INFO	Listening on port 40351
1604310859061	Marionette	WARN	TLS certificate errors will be ignored for this session
JavaScript warning: http://localhost:49267/static/django_tinymce/jquery-1.9.1.min.js, line 2: Using //@ to indicate sourceMappingURL pragmas is deprecated. Use //# instead
JavaScript error: resource://gre/modules/XULStore.jsm, line 66: Error: Can't find profile directory.
JavaScript error: resource://gre/modules/XULStore.jsm, line 66: Error: Can't find profile directory.
JavaScript warning: http://localhost:49267/static/django_tinymce/jquery-1.9.1.min.js, line 2: Using //@ to indicate sourceMappingURL pragmas is deprecated. Use //# instead
1604310879308	Marionette	INFO	Stopped listening on port 40351
1604314665326	geckodriver	INFO	Listening on 127.0.0.1:54021
1604314665331	mozrunner::runner	INFO	Running command: "/usr/bin/firefox" "--marionette" "-foreground" "-no-remote" "-profile" "/tmp/rust_mozprofileGvgXk5"
console.warn: SearchSettings: "get: No settings file exists, new profile?" (new Error("", "(unknown module)"))
1604314668503	Marionette	INFO	Listening on port 45453
1604314668573	Marionette	WARN	TLS certificate errors will be ignored for this session
1604314679089	Marionette	INFO	Stopped listening on port 45453
1604314692936	geckodriver	INFO	Listening on 127.0.0.1:55907
1604314692941	mozrunner::runner	INFO	Running command: "/usr/bin/firefox" "--marionette" "-foreground" "-no-remote" "-profile" "/tmp/rust_mozprofilePwTKE4"
console.warn: SearchSettings: "get: No settings file exists, new profile?" (new Error("", "(unknown module)"))
1604314696254	Marionette	INFO	Listening on port 42049
1604314696388	Marionette	WARN	TLS certificate errors will be ignored for this session
JavaScript warning: http://localhost:36787/static/django_tinymce/jquery-1.9.1.min.js, line 2: Using //@ to indicate sourceMappingURL pragmas is deprecated. Use //# instead
JavaScript error: resource://gre/modules/XULStore.jsm, line 66: Error: Can't find profile directory.
JavaScript error: resource://gre/modules/XULStore.jsm, line 66: Error: Can't find profile directory.
JavaScript warning: http://localhost:36787/static/django_tinymce/jquery-1.9.1.min.js, line 2: Using //@ to indicate sourceMappingURL pragmas is deprecated. Use //# instead
1604314701913	Marionette	INFO	Stopped listening on port 42049
1604314901441	geckodriver	INFO	Listening on 127.0.0.1:53121
1604314901448	mozrunner::runner	INFO	Running command: "/usr/bin/firefox" "--marionette" "-foreground" "-no-remote" "-profile" "/tmp/rust_mozprofileVKeDgM"
console.warn: SearchSettings: "get: No settings file exists, new profile?" (new Error("", "(unknown module)"))
1604314905415	Marionette	INFO	Listening on port 40827
1604314905529	Marionette	WARN	TLS certificate errors will be ignored for this session
JavaScript warning: http://localhost:43407/static/django_tinymce/jquery-1.9.1.min.js, line 2: Using //@ to indicate sourceMappingURL pragmas is deprecated. Use //# instead
JavaScript error: resource://gre/modules/XULStore.jsm, line 66: Error: Can't find profile directory.
JavaScript error: resource://gre/modules/XULStore.jsm, line 66: Error: Can't find profile directory.
JavaScript warning: http://localhost:43407/static/django_tinymce/jquery-1.9.1.min.js, line 2: Using //@ to indicate sourceMappingURL pragmas is deprecated. Use //# instead
1604314911661	Marionette	INFO	Stopped listening on port 40827
1604314931000	geckodriver	INFO	Listening on 127.0.0.1:42381
1604314931005	mozrunner::runner	INFO	Running command: "/usr/bin/firefox" "--marionette" "-foreground" "-no-remote" "-profile" "/tmp/rust_mozprofiletQ6Zl6"
console.warn: SearchSettings: "get: No settings file exists, new profile?" (new Error("", "(unknown module)"))
1604314934430	Marionette	INFO	Listening on port 38589
1604314934558	Marionette	WARN	TLS certificate errors will be ignored for this session
JavaScript warning: http://localhost:56359/static/django_tinymce/jquery-1.9.1.min.js, line 2: Using //@ to indicate sourceMappingURL pragmas is deprecated. Use //# instead
JavaScript error: resource://gre/modules/XULStore.jsm, line 66: Error: Can't find profile directory.
JavaScript error: resource://gre/modules/XULStore.jsm, line 66: Error: Can't find profile directory.
JavaScript warning: http://localhost:56359/static/django_tinymce/jquery-1.9.1.min.js, line 2: Using //@ to indicate sourceMappingURL pragmas is deprecated. Use //# instead
1604314940273	Marionette	INFO	Stopped listening on port 38589
1604315699314	geckodriver	INFO	Listening on 127.0.0.1:52707
1604315699320	mozrunner::runner	INFO	Running command: "/usr/bin/firefox" "--marionette" "-foreground" "-no-remote" "-profile" "/tmp/rust_mozprofilezFWWZd"
console.warn: SearchSettings: "get: No settings file exists, new profile?" (new Error("", "(unknown module)"))
1604315702764	Marionette	INFO	Listening on port 43485
1604315702879	Marionette	WARN	TLS certificate errors will be ignored for this session
1604315717742	Marionette	INFO	Stopped listening on port 43485
1604315917758	geckodriver	INFO	Listening on 127.0.0.1:46145
1604315917763	mozrunner::runner	INFO	Running command: "/usr/bin/firefox" "--marionette" "-foreground" "-no-remote" "-profile" "/tmp/rust_mozprofileMtrphm"
console.warn: SearchSettings: "get: No settings file exists, new profile?" (new Error("", "(unknown module)"))
1604315921076	Marionette	INFO	Listening on port 40319
1604315921208	Marionette	WARN	TLS certificate errors will be ignored for this session
1604316219338	geckodriver	INFO	Listening on 127.0.0.1:45547
1604316219344	mozrunner::runner	INFO	Running command: "/usr/bin/firefox" "--marionette" "-foreground" "-no-remote" "-profile" "/tmp/rust_mozprofileZ0UKjN"
console.warn: SearchSettings: "get: No settings file exists, new profile?" (new Error("", "(unknown module)"))
1604316222532	Marionette	INFO	Listening on port 39539
1604316222617	Marionette	WARN	TLS certificate errors will be ignored for this session
1604316264762	geckodriver	INFO	Listening on 127.0.0.1:50391
1604316264768	mozrunner::runner	INFO	Running command: "/usr/bin/firefox" "--marionette" "-foreground" "-no-remote" "-profile" "/tmp/rust_mozprofileyhtK7s"
console.warn: SearchSettings: "get: No settings file exists, new profile?" (new Error("", "(unknown module)"))
1604316268050	Marionette	INFO	Listening on port 41733
1604316268120	Marionette	WARN	TLS certificate errors will be ignored for this session
1604316284188	Marionette	INFO	Stopped listening on port 41733
1604316289456	Marionette	INFO	Stopped listening on port 39539
1604316361192	geckodriver	INFO	Listening on 127.0.0.1:40333
1604316361197	mozrunner::runner	INFO	Running command: "/usr/bin/firefox" "--marionette" "-foreground" "-no-remote" "-profile" "/tmp/rust_mozprofilejAsWmH"
console.warn: SearchSettings: "get: No settings file exists, new profile?" (new Error("", "(unknown module)"))
1604316364392	Marionette	INFO	Listening on port 45605
1604316364442	Marionette	WARN	TLS certificate errors will be ignored for this session
1604316366906	Marionette	INFO	Stopped listening on port 45605
1604332164241	geckodriver	INFO	Listening on 127.0.0.1:47987
1604332165246	mozrunner::runner	INFO	Running command: "/usr/bin/firefox" "--marionette" "-foreground" "-no-remote" "-profile" "/tmp/rust_mozprofilet6YqpP"
console.warn: SearchSettings: "get: No settings file exists, new profile?" (new Error("", "(unknown module)"))
1604332169603	Marionette	INFO	Listening on port 36819
1604332169708	Marionette	WARN	TLS certificate errors will be ignored for this session
1604332170996	Marionette	INFO	Stopped listening on port 36819
1604332189965	geckodriver	INFO	Listening on 127.0.0.1:51279
1604332189971	mozrunner::runner	INFO	Running command: "/usr/bin/firefox" "--marionette" "-foreground" "-no-remote" "-profile" "/tmp/rust_mozprofileRaraLB"
console.warn: SearchSettings: "get: No settings file exists, new profile?" (new Error("", "(unknown module)"))
1604332194038	Marionette	INFO	Listening on port 34209
1604332194167	Marionette	WARN	TLS certificate errors will be ignored for this session
1604332195680	Marionette	INFO	Stopped listening on port 34209
1604332414443	geckodriver	INFO	Listening on 127.0.0.1:57083
1604332414451	mozrunner::runner	INFO	Running command: "/usr/bin/firefox" "--marionette" "-foreground" "-no-remote" "-profile" "/tmp/rust_mozprofileh5Jnp1"
console.warn: SearchSettings: "get: No settings file exists, new profile?" (new Error("", "(unknown module)"))
1604332418394	Marionette	INFO	Listening on port 33011
1604332418537	Marionette	WARN	TLS certificate errors will be ignored for this session
1604332432509	Marionette	INFO	Stopped listening on port 33011
1604332996794	geckodriver	INFO	Listening on 127.0.0.1:44205
1604332996800	mozrunner::runner	INFO	Running command: "/usr/bin/firefox" "--marionette" "-foreground" "-no-remote" "-profile" "/tmp/rust_mozprofileqCZOru"
console.warn: SearchSettings: "get: No settings file exists, new profile?" (new Error("", "(unknown module)"))
1604333000818	Marionette	INFO	Listening on port 33549
1604333000972	Marionette	WARN	TLS certificate errors will be ignored for this session
1604333018049	Marionette	INFO	Stopped listening on port 33549
1604333060787	geckodriver	INFO	Listening on 127.0.0.1:48309
1604333061793	mozrunner::runner	INFO	Running command: "/usr/bin/firefox" "--marionette" "-foreground" "-no-remote" "-profile" "/tmp/rust_mozprofilerRO18B"
console.warn: SearchSettings: "get: No settings file exists, new profile?" (new Error("", "(unknown module)"))
1604333065699	Marionette	INFO	Listening on port 37227
1604333065744	Marionette	WARN	TLS certificate errors will be ignored for this session
1604333082386	Marionette	INFO	Stopped listening on port 37227
1604333114250	geckodriver	INFO	Listening on 127.0.0.1:52025
1604333114257	mozrunner::runner	INFO	Running command: "/usr/bin/firefox" "--marionette" "-foreground" "-no-remote" "-profile" "/tmp/rust_mozprofileVnHTEi"
console.warn: SearchSettings: "get: No settings file exists, new profile?" (new Error("", "(unknown module)"))
1604333118023	Marionette	INFO	Listening on port 39175
1604333118128	Marionette	WARN	TLS certificate errors will be ignored for this session
1604333129317	Marionette	INFO	Stopped listening on port 39175
1604333497971	geckodriver	INFO	Listening on 127.0.0.1:39161
1604333497979	mozrunner::runner	INFO	Running command: "/usr/bin/firefox" "--marionette" "-foreground" "-no-remote" "-profile" "/tmp/rust_mozprofilePMUkzG"
console.warn: SearchSettings: "get: No settings file exists, new profile?" (new Error("", "(unknown module)"))
1604333501923	Marionette	INFO	Listening on port 33173
1604333502046	Marionette	WARN	TLS certificate errors will be ignored for this session
console.error: Region.jsm: "Error fetching region" (new AbortError("The operation was aborted. ", (void 0), 697))
console.error: Region.jsm: "Failed to fetch region" (new Error("NO_RESULT", "resource://gre/modules/Region.jsm", 351))
1604333514873	Marionette	INFO	Stopped listening on port 33173
1604333542342	geckodriver	INFO	Listening on 127.0.0.1:43233
1604333542349	mozrunner::runner	INFO	Running command: "/usr/bin/firefox" "--marionette" "-foreground" "-no-remote" "-profile" "/tmp/rust_mozprofile7gCoXe"
console.warn: SearchSettings: "get: No settings file exists, new profile?" (new Error("", "(unknown module)"))
1604333546114	Marionette	INFO	Listening on port 42179
1604333546214	Marionette	WARN	TLS certificate errors will be ignored for this session
JavaScript error: chrome://marionette/content/proxy.js, line 283: NS_ERROR_NOT_INITIALIZED
1604333553688	Marionette	INFO	Stopped listening on port 42179
1604333922953	geckodriver	INFO	Listening on 127.0.0.1:41849
1604333923959	mozrunner::runner	INFO	Running command: "/usr/bin/firefox" "--marionette" "-foreground" "-no-remote" "-profile" "/tmp/rust_mozprofileCeckdQ"
console.warn: SearchSettings: "get: No settings file exists, new profile?" (new Error("", "(unknown module)"))
1604333928251	Marionette	INFO	Listening on port 45279
1604333928386	Marionette	WARN	TLS certificate errors will be ignored for this session
1604333930488	Marionette	INFO	Stopped listening on port 45279
1604333960241	geckodriver	INFO	Listening on 127.0.0.1:50809
1604333960246	mozrunner::runner	INFO	Running command: "/usr/bin/firefox" "--marionette" "-foreground" "-no-remote" "-profile" "/tmp/rust_mozprofilesqDszG"
console.warn: SearchSettings: "get: No settings file exists, new profile?" (new Error("", "(unknown module)"))
1604333964177	Marionette	INFO	Listening on port 45191
1604333964297	Marionette	WARN	TLS certificate errors will be ignored for this session
1604333967187	Marionette	INFO	Stopped listening on port 45191
JavaScript error: resource://gre/modules/UrlClassifierListManager.jsm, line 691: TypeError: this.tablesData[table] is undefined
1604333998197	geckodriver	INFO	Listening on 127.0.0.1:35413
1604333998202	mozrunner::runner	INFO	Running command: "/usr/bin/firefox" "--marionette" "-foreground" "-no-remote" "-profile" "/tmp/rust_mozprofileceFgrV"
console.warn: SearchSettings: "get: No settings file exists, new profile?" (new Error("", "(unknown module)"))
1604334002270	Marionette	INFO	Listening on port 33395
1604334002347	Marionette	WARN	TLS certificate errors will be ignored for this session
1604334003838	Marionette	INFO	Stopped listening on port 33395
1604334076093	geckodriver	INFO	Listening on 127.0.0.1:56703
1604334076098	mozrunner::runner	INFO	Running command: "/usr/bin/firefox" "--marionette" "-foreground" "-no-remote" "-profile" "/tmp/rust_mozprofilewXNP25"
console.warn: SearchSettings: "get: No settings file exists, new profile?" (new Error("", "(unknown module)"))
1604334079987	Marionette	INFO	Listening on port 44809
1604334080065	Marionette	WARN	TLS certificate errors will be ignored for this session
1604334081906	Marionette	INFO	Stopped listening on port 44809
IPDL protocol error: Handler returned error code!

###!!! [Parent][DispatchAsyncMessage] Error: PLayerTransaction::Msg_ReleaseLayer Processing error: message was deserialized, but the handler returned false (indicating failure)

IPDL protocol error: Handler returned error code!

###!!! [Parent][DispatchAsyncMessage] Error: PLayerTransaction::Msg_ReleaseLayer Processing error: message was deserialized, but the handler returned false (indicating failure)

IPDL protocol error: Handler returned error code!

###!!! [Parent][DispatchAsyncMessage] Error: PLayerTransaction::Msg_ReleaseLayer Processing error: message was deserialized, but the handler returned false (indicating failure)

1604334140550	geckodriver	INFO	Listening on 127.0.0.1:45465
1604334140555	mozrunner::runner	INFO	Running command: "/usr/bin/firefox" "--marionette" "-foreground" "-no-remote" "-profile" "/tmp/rust_mozprofiletmg0cX"
console.warn: SearchSettings: "get: No settings file exists, new profile?" (new Error("", "(unknown module)"))
1604334144334	Marionette	INFO	Listening on port 46497
1604334144446	Marionette	WARN	TLS certificate errors will be ignored for this session
1604334151293	Marionette	INFO	Stopped listening on port 46497
1604334163879	Marionette	INFO	Stopped listening on port 40319
1604334211620	geckodriver	INFO	Listening on 127.0.0.1:50059
1604334211625	mozrunner::runner	INFO	Running command: "/usr/bin/firefox" "--marionette" "-foreground" "-no-remote" "-profile" "/tmp/rust_mozprofilen5scP9"
console.warn: SearchSettings: "get: No settings file exists, new profile?" (new Error("", "(unknown module)"))
1604334215501	Marionette	INFO	Listening on port 36497
1604334215586	Marionette	WARN	TLS certificate errors will be ignored for this session
1604334219267	Marionette	INFO	Stopped listening on port 36497
1604334553134	geckodriver	INFO	Listening on 127.0.0.1:58193
1604334554142	mozrunner::runner	INFO	Running command: "/usr/bin/firefox" "--marionette" "-foreground" "-no-remote" "-profile" "/tmp/rust_mozprofilemt57uj"
console.warn: SearchSettings: "get: No settings file exists, new profile?" (new Error("", "(unknown module)"))
1604334558078	Marionette	INFO	Listening on port 45789
1604334558207	Marionette	WARN	TLS certificate errors will be ignored for this session
1604334569937	Marionette	INFO	Stopped listening on port 45789
1604334586194	geckodriver	INFO	Listening on 127.0.0.1:45227
1604334586201	mozrunner::runner	INFO	Running command: "/usr/bin/firefox" "--marionette" "-foreground" "-no-remote" "-profile" "/tmp/rust_mozprofilehJZIYr"
console.warn: SearchSettings: "get: No settings file exists, new profile?" (new Error("", "(unknown module)"))
1604334590311	Marionette	INFO	Listening on port 35347
1604334590445	Marionette	WARN	TLS certificate errors will be ignored for this session
1604334592066	Marionette	INFO	Stopped listening on port 35347
1604334713557	geckodriver	INFO	Listening on 127.0.0.1:47369
1604334713564	mozrunner::runner	INFO	Running command: "/usr/bin/firefox" "--marionette" "-foreground" "-no-remote" "-profile" "/tmp/rust_mozprofileV8JEdU"
console.warn: SearchSettings: "get: No settings file exists, new profile?" (new Error("", "(unknown module)"))
1604334717881	Marionette	INFO	Listening on port 35921
1604334717946	Marionette	WARN	TLS certificate errors will be ignored for this session
1604334719748	Marionette	INFO	Stopped listening on port 35921
1604335098128	geckodriver	INFO	Listening on 127.0.0.1:42355
1604335098135	mozrunner::runner	INFO	Running command: "/usr/bin/firefox" "--marionette" "-foreground" "-no-remote" "-profile" "/tmp/rust_mozprofile4HCmHd"
console.warn: SearchSettings: "get: No settings file exists, new profile?" (new Error("", "(unknown module)"))
1604335102157	Marionette	INFO	Listening on port 36639
1604335102200	Marionette	WARN	TLS certificate errors will be ignored for this session
1604335104994	Marionette	INFO	Stopped listening on port 36639
1604335126666	geckodriver	INFO	Listening on 127.0.0.1:46203
1604335126672	mozrunner::runner	INFO	Running command: "/usr/bin/firefox" "--marionette" "-foreground" "-no-remote" "-profile" "/tmp/rust_mozprofilekL8kwd"
console.warn: SearchSettings: "get: No settings file exists, new profile?" (new Error("", "(unknown module)"))
1604335130718	Marionette	INFO	Listening on port 38657
1604335130837	Marionette	WARN	TLS certificate errors will be ignored for this session
JavaScript warning: http://localhost:59561/static/django_tinymce/jquery-1.9.1.min.js, line 2: Using //@ to indicate sourceMappingURL pragmas is deprecated. Use //# instead
JavaScript error: resource://gre/modules/XULStore.jsm, line 66: Error: Can't find profile directory.
JavaScript error: resource://gre/modules/XULStore.jsm, line 66: Error: Can't find profile directory.
JavaScript warning: http://localhost:59561/static/django_tinymce/jquery-1.9.1.min.js, line 2: Using //@ to indicate sourceMappingURL pragmas is deprecated. Use //# instead
1604335140761	Marionette	INFO	Stopped listening on port 38657
1604335832423	geckodriver	INFO	Listening on 127.0.0.1:57647
1604335833429	mozrunner::runner	INFO	Running command: "/usr/bin/firefox" "--marionette" "-foreground" "-no-remote" "-profile" "/tmp/rust_mozprofileDc8Jbd"
console.warn: SearchSettings: "get: No settings file exists, new profile?" (new Error("", "(unknown module)"))
1604335837388	Marionette	INFO	Listening on port 36653
1604335837489	Marionette	WARN	TLS certificate errors will be ignored for this session
JavaScript warning: http://localhost:56909/static/django_tinymce/jquery-1.9.1.min.js, line 2: Using //@ to indicate sourceMappingURL pragmas is deprecated. Use //# instead
JavaScript error: resource://gre/modules/XULStore.jsm, line 66: Error: Can't find profile directory.
JavaScript error: resource://gre/modules/XULStore.jsm, line 66: Error: Can't find profile directory.
JavaScript warning: http://localhost:56909/static/django_tinymce/jquery-1.9.1.min.js, line 2: Using //@ to indicate sourceMappingURL pragmas is deprecated. Use //# instead
1604335847110	Marionette	INFO	Stopped listening on port 36653
1604335867224	geckodriver	INFO	Listening on 127.0.0.1:53151
1604335868229	mozrunner::runner	INFO	Running command: "/usr/bin/firefox" "--marionette" "-foreground" "-no-remote" "-profile" "/tmp/rust_mozprofilernMYTb"
console.warn: SearchSettings: "get: No settings file exists, new profile?" (new Error("", "(unknown module)"))
1604335872590	Marionette	INFO	Listening on port 38869
1604335872710	Marionette	WARN	TLS certificate errors will be ignored for this session
JavaScript warning: http://localhost:52739/static/django_tinymce/jquery-1.9.1.min.js, line 2: Using //@ to indicate sourceMappingURL pragmas is deprecated. Use //# instead
JavaScript error: resource://gre/modules/XULStore.jsm, line 66: Error: Can't find profile directory.
JavaScript error: resource://gre/modules/XULStore.jsm, line 66: Error: Can't find profile directory.
JavaScript warning: http://localhost:52739/static/django_tinymce/jquery-1.9.1.min.js, line 2: Using //@ to indicate sourceMappingURL pragmas is deprecated. Use //# instead
1604335882207	Marionette	INFO	Stopped listening on port 38869
1604335912062	geckodriver	INFO	Listening on 127.0.0.1:53963
1604335912068	mozrunner::runner	INFO	Running command: "/usr/bin/firefox" "--marionette" "-foreground" "-no-remote" "-profile" "/tmp/rust_mozprofilesDGlgE"
console.warn: SearchSettings: "get: No settings file exists, new profile?" (new Error("", "(unknown module)"))
1604335915822	Marionette	INFO	Listening on port 43947
1604335915913	Marionette	WARN	TLS certificate errors will be ignored for this session
JavaScript warning: http://localhost:37751/static/django_tinymce/jquery-1.9.1.min.js, line 2: Using //@ to indicate sourceMappingURL pragmas is deprecated. Use //# instead
JavaScript error: resource://gre/modules/XULStore.jsm, line 66: Error: Can't find profile directory.
JavaScript error: resource://gre/modules/XULStore.jsm, line 66: Error: Can't find profile directory.
JavaScript warning: http://localhost:37751/static/django_tinymce/jquery-1.9.1.min.js, line 2: Using //@ to indicate sourceMappingURL pragmas is deprecated. Use //# instead
1604335925477	Marionette	INFO	Stopped listening on port 43947
1604335926474	geckodriver	INFO	Listening on 127.0.0.1:53999
1604335926479	mozrunner::runner	INFO	Running command: "/usr/bin/firefox" "--marionette" "-foreground" "-no-remote" "-profile" "/tmp/rust_mozprofile5d7SFb"
console.warn: SearchSettings: "get: No settings file exists, new profile?" (new Error("", "(unknown module)"))
1604335930512	Marionette	INFO	Listening on port 45475
1604335930629	Marionette	WARN	TLS certificate errors will be ignored for this session
1604335934148	Marionette	INFO	Stopped listening on port 45475
1604336158215	geckodriver	INFO	Listening on 127.0.0.1:44285
1604336158221	mozrunner::runner	INFO	Running command: "/usr/bin/firefox" "--marionette" "-foreground" "-no-remote" "-profile" "/tmp/rust_mozprofileYyVLUm"
console.warn: SearchSettings: "get: No settings file exists, new profile?" (new Error("", "(unknown module)"))
1604336162146	Marionette	INFO	Listening on port 37401
1604336162274	Marionette	WARN	TLS certificate errors will be ignored for this session
JavaScript warning: http://localhost:41347/static/django_tinymce/jquery-1.9.1.min.js, line 2: Using //@ to indicate sourceMappingURL pragmas is deprecated. Use //# instead
JavaScript error: resource://gre/modules/XULStore.jsm, line 66: Error: Can't find profile directory.
JavaScript error: resource://gre/modules/XULStore.jsm, line 66: Error: Can't find profile directory.
JavaScript warning: http://localhost:41347/static/django_tinymce/jquery-1.9.1.min.js, line 2: Using //@ to indicate sourceMappingURL pragmas is deprecated. Use //# instead
1604336173875	Marionette	INFO	Stopped listening on port 37401
1604336174937	geckodriver	INFO	Listening on 127.0.0.1:50723
1604336174943	mozrunner::runner	INFO	Running command: "/usr/bin/firefox" "--marionette" "-foreground" "-no-remote" "-profile" "/tmp/rust_mozprofilehwSzXW"
console.warn: SearchSettings: "get: No settings file exists, new profile?" (new Error("", "(unknown module)"))
1604336178825	Marionette	INFO	Listening on port 34903
1604336178926	Marionette	WARN	TLS certificate errors will be ignored for this session
1604336182439	Marionette	INFO	Stopped listening on port 34903
